{"log":"2021-07-28 12:38:09+00:00 [Note] [Entrypoint]: Entrypoint script for MySQL Server 8.0.21-1debian10 started.\n","stream":"stdout","attrs":{"tag":"mysql:8.0.21/mysql-db-attrs/f3060d18dde9"},"time":"2021-07-28T12:38:09.096168379Z"}
{"log":"2021-07-28 12:38:09+00:00 [Note] [Entrypoint]: Switching to dedicated user 'mysql'\n","stream":"stdout","attrs":{"tag":"mysql:8.0.21/mysql-db-attrs/f3060d18dde9"},"time":"2021-07-28T12:38:09.21403287Z"}
{"log":"2021-07-28 12:38:09+00:00 [Note] [Entrypoint]: Entrypoint script for MySQL Server 8.0.21-1debian10 started.\n","stream":"stdout","attrs":{"tag":"mysql:8.0.21/mysql-db-attrs/f3060d18dde9"},"time":"2021-07-28T12:38:09.228980692Z"}
{"log":"2021-07-28 12:38:09+00:00 [Note] [Entrypoint]: Initializing database files\n","stream":"stdout","attrs":{"tag":"mysql:8.0.21/mysql-db-attrs/f3060d18dde9"},"time":"2021-07-28T12:38:09.309981493Z"}
{"log":"2021-07-28T12:38:09.308937Z 0 [System] [MY-013169] [Server] /usr/sbin/mysqld (mysqld 8.0.21) initializing of server in progress as process 43\n","stream":"stderr","attrs":{"tag":"mysql:8.0.21/mysql-db-attrs/f3060d18dde9"},"time":"2021-07-28T12:38:09.326100111Z"}
{"log":"2021-07-28T12:38:09.315298Z 1 [System] [MY-013576] [InnoDB] InnoDB initialization has started.\n","stream":"stderr","attrs":{"tag":"mysql:8.0.21/mysql-db-attrs/f3060d18dde9"},"time":"2021-07-28T12:38:09.326126397Z"}
{"log":"2021-07-28T12:38:10.267163Z 1 [System] [MY-013577] [InnoDB] InnoDB initialization has ended.\n","stream":"stderr","attrs":{"tag":"mysql:8.0.21/mysql-db-attrs/f3060d18dde9"},"time":"2021-07-28T12:38:10.270068243Z"}
{"log":"2021-07-28T12:38:11.363672Z 6 [Warning] [MY-010453] [Server] root@localhost is created with an empty password ! Please consider switching off the --initialize-insecure option.\n","stream":"stderr","attrs":{"tag":"mysql:8.0.21/mysql-db-attrs/f3060d18dde9"},"time":"2021-07-28T12:38:11.367073519Z"}
{"log":"2021-07-28 12:38:13+00:00 [Note] [Entrypoint]: Database files initialized\n","stream":"stdout","attrs":{"tag":"mysql:8.0.21/mysql-db-attrs/f3060d18dde9"},"time":"2021-07-28T12:38:13.055769086Z"}
{"log":"2021-07-28 12:38:13+00:00 [Note] [Entrypoint]: Starting temporary server\n","stream":"stdout","attrs":{"tag":"mysql:8.0.21/mysql-db-attrs/f3060d18dde9"},"time":"2021-07-28T12:38:13.067003144Z"}
{"log":"2021-07-28T12:38:13.298067Z 0 [System] [MY-010116] [Server] /usr/sbin/mysqld (mysqld 8.0.21) starting as process 90\n","stream":"stderr","attrs":{"tag":"mysql:8.0.21/mysql-db-attrs/f3060d18dde9"},"time":"2021-07-28T12:38:13.322477706Z"}
{"log":"2021-07-28T12:38:13.311389Z 1 [System] [MY-013576] [InnoDB] InnoDB initialization has started.\n","stream":"stderr","attrs":{"tag":"mysql:8.0.21/mysql-db-attrs/f3060d18dde9"},"time":"2021-07-28T12:38:13.322498336Z"}
{"log":"2021-07-28T12:38:13.853506Z 1 [System] [MY-013577] [InnoDB] InnoDB initialization has ended.\n","stream":"stderr","attrs":{"tag":"mysql:8.0.21/mysql-db-attrs/f3060d18dde9"},"time":"2021-07-28T12:38:13.863985282Z"}
{"log":"2021-07-28T12:38:14.006506Z 0 [System] [MY-011323] [Server] X Plugin ready for connections. Socket: /var/run/mysqld/mysqlx.sock\n","stream":"stderr","attrs":{"tag":"mysql:8.0.21/mysql-db-attrs/f3060d18dde9"},"time":"2021-07-28T12:38:14.01098168Z"}
{"log":"2021-07-28T12:38:14.209145Z 0 [Warning] [MY-010068] [Server] CA certificate ca.pem is self signed.\n","stream":"stderr","attrs":{"tag":"mysql:8.0.21/mysql-db-attrs/f3060d18dde9"},"time":"2021-07-28T12:38:14.21018646Z"}
{"log":"2021-07-28T12:38:14.209333Z 0 [System] [MY-013602] [Server] Channel mysql_main configured to support TLS. Encrypted connections are now supported for this channel.\n","stream":"stderr","attrs":{"tag":"mysql:8.0.21/mysql-db-attrs/f3060d18dde9"},"time":"2021-07-28T12:38:14.210204716Z"}
{"log":"2021-07-28T12:38:14.210513Z 0 [Warning] [MY-011810] [Server] Insecure configuration for --pid-file: Location '/var/run/mysqld' in the path is accessible to all OS users. Consider choosing a different directory.\n","stream":"stderr","attrs":{"tag":"mysql:8.0.21/mysql-db-attrs/f3060d18dde9"},"time":"2021-07-28T12:38:14.214945151Z"}
{"log":"2021-07-28T12:38:14.230811Z 0 [System] [MY-010931] [Server] /usr/sbin/mysqld: ready for connections. Version: '8.0.21'  socket: '/var/run/mysqld/mysqld.sock'  port: 0  MySQL Community Server - GPL.\n","stream":"stderr","attrs":{"tag":"mysql:8.0.21/mysql-db-attrs/f3060d18dde9"},"time":"2021-07-28T12:38:14.234950872Z"}
{"log":"2021-07-28 12:38:14+00:00 [Note] [Entrypoint]: Temporary server started.\n","stream":"stdout","attrs":{"tag":"mysql:8.0.21/mysql-db-attrs/f3060d18dde9"},"time":"2021-07-28T12:38:14.242976693Z"}
{"log":"Warning: Unable to load '/usr/share/zoneinfo/iso3166.tab' as time zone. Skipping it.\n","stream":"stderr","attrs":{"tag":"mysql:8.0.21/mysql-db-attrs/f3060d18dde9"},"time":"2021-07-28T12:38:14.90392476Z"}
{"log":"Warning: Unable to load '/usr/share/zoneinfo/leap-seconds.list' as time zone. Skipping it.\n","stream":"stderr","attrs":{"tag":"mysql:8.0.21/mysql-db-attrs/f3060d18dde9"},"time":"2021-07-28T12:38:14.903946888Z"}
{"log":"Warning: Unable to load '/usr/share/zoneinfo/zone.tab' as time zone. Skipping it.\n","stream":"stderr","attrs":{"tag":"mysql:8.0.21/mysql-db-attrs/f3060d18dde9"},"time":"2021-07-28T12:38:16.314490401Z"}
{"log":"Warning: Unable to load '/usr/share/zoneinfo/zone1970.tab' as time zone. Skipping it.\n","stream":"stderr","attrs":{"tag":"mysql:8.0.21/mysql-db-attrs/f3060d18dde9"},"time":"2021-07-28T12:38:16.314511938Z"}
{"log":"\n","stream":"stdout","attrs":{"tag":"mysql:8.0.21/mysql-db-attrs/f3060d18dde9"},"time":"2021-07-28T12:38:16.446941857Z"}
{"log":"2021-07-28 12:38:16+00:00 [Note] [Entrypoint]: Stopping temporary server\n","stream":"stdout","attrs":{"tag":"mysql:8.0.21/mysql-db-attrs/f3060d18dde9"},"time":"2021-07-28T12:38:16.451947129Z"}
{"log":"2021-07-28T12:38:16.457540Z 10 [System] [MY-013172] [Server] Received SHUTDOWN from user root. Shutting down mysqld (Version: 8.0.21).\n","stream":"stderr","attrs":{"tag":"mysql:8.0.21/mysql-db-attrs/f3060d18dde9"},"time":"2021-07-28T12:38:16.457847349Z"}
{"log":"2021-07-28T12:38:18.530957Z 0 [System] [MY-010910] [Server] /usr/sbin/mysqld: Shutdown complete (mysqld 8.0.21)  MySQL Community Server - GPL.\n","stream":"stderr","attrs":{"tag":"mysql:8.0.21/mysql-db-attrs/f3060d18dde9"},"time":"2021-07-28T12:38:18.538707094Z"}
{"log":"2021-07-28 12:38:19+00:00 [Note] [Entrypoint]: Temporary server stopped\n","stream":"stdout","attrs":{"tag":"mysql:8.0.21/mysql-db-attrs/f3060d18dde9"},"time":"2021-07-28T12:38:19.461001807Z"}
{"log":"\n","stream":"stdout","attrs":{"tag":"mysql:8.0.21/mysql-db-attrs/f3060d18dde9"},"time":"2021-07-28T12:38:19.461015673Z"}
{"log":"2021-07-28 12:38:19+00:00 [Note] [Entrypoint]: MySQL init process done. Ready for start up.\n","stream":"stdout","attrs":{"tag":"mysql:8.0.21/mysql-db-attrs/f3060d18dde9"},"time":"2021-07-28T12:38:19.471978139Z"}
{"log":"\n","stream":"stdout","attrs":{"tag":"mysql:8.0.21/mysql-db-attrs/f3060d18dde9"},"time":"2021-07-28T12:38:19.471994376Z"}
{"log":"2021-07-28T12:38:19.697204Z 0 [System] [MY-010116] [Server] /usr/sbin/mysqld (mysqld 8.0.21) starting as process 1\n","stream":"stderr","attrs":{"tag":"mysql:8.0.21/mysql-db-attrs/f3060d18dde9"},"time":"2021-07-28T12:38:19.71161067Z"}
{"log":"2021-07-28T12:38:19.707522Z 1 [System] [MY-013576] [InnoDB] InnoDB initialization has started.\n","stream":"stderr","attrs":{"tag":"mysql:8.0.21/mysql-db-attrs/f3060d18dde9"},"time":"2021-07-28T12:38:19.711633387Z"}
{"log":"2021-07-28T12:38:20.262488Z 1 [System] [MY-013577] [InnoDB] InnoDB initialization has ended.\n","stream":"stderr","attrs":{"tag":"mysql:8.0.21/mysql-db-attrs/f3060d18dde9"},"time":"2021-07-28T12:38:20.265981952Z"}
{"log":"2021-07-28T12:38:20.417960Z 0 [System] [MY-011323] [Server] X Plugin ready for connections. Bind-address: '::' port: 33060, socket: /var/run/mysqld/mysqlx.sock\n","stream":"stderr","attrs":{"tag":"mysql:8.0.21/mysql-db-attrs/f3060d18dde9"},"time":"2021-07-28T12:38:20.421979926Z"}
{"log":"2021-07-28T12:38:20.579049Z 0 [Warning] [MY-010068] [Server] CA certificate ca.pem is self signed.\n","stream":"stderr","attrs":{"tag":"mysql:8.0.21/mysql-db-attrs/f3060d18dde9"},"time":"2021-07-28T12:38:20.581022062Z"}
{"log":"2021-07-28T12:38:20.579244Z 0 [System] [MY-013602] [Server] Channel mysql_main configured to support TLS. Encrypted connections are now supported for this channel.\n","stream":"stderr","attrs":{"tag":"mysql:8.0.21/mysql-db-attrs/f3060d18dde9"},"time":"2021-07-28T12:38:20.581046896Z"}
{"log":"2021-07-28T12:38:20.581296Z 0 [Warning] [MY-011810] [Server] Insecure configuration for --pid-file: Location '/var/run/mysqld' in the path is accessible to all OS users. Consider choosing a different directory.\n","stream":"stderr","attrs":{"tag":"mysql:8.0.21/mysql-db-attrs/f3060d18dde9"},"time":"2021-07-28T12:38:20.584944634Z"}
{"log":"2021-07-28T12:38:20.601989Z 0 [System] [MY-010931] [Server] /usr/sbin/mysqld: ready for connections. Version: '8.0.21'  socket: '/var/run/mysqld/mysqld.sock'  port: 3306  MySQL Community Server - GPL.\n","stream":"stderr","attrs":{"tag":"mysql:8.0.21/mysql-db-attrs/f3060d18dde9"},"time":"2021-07-28T12:38:20.602401169Z"}
{"log":"2021-07-28T12:39:59.694935Z 0 [System] [MY-013172] [Server] Received SHUTDOWN from user \u003cvia user signal\u003e. Shutting down mysqld (Version: 8.0.21).\n","stream":"stderr","attrs":{"tag":"mysql:8.0.21/mysql-db-attrs/f3060d18dde9"},"time":"2021-07-28T12:39:59.695861393Z"}
{"log":"2021-07-28T12:40:01.902383Z 0 [System] [MY-010910] [Server] /usr/sbin/mysqld: Shutdown complete (mysqld 8.0.21)  MySQL Community Server - GPL.\n","stream":"stderr","attrs":{"tag":"mysql:8.0.21/mysql-db-attrs/f3060d18dde9"},"time":"2021-07-28T12:40:01.909295112Z"}
